<?xml version="1.0" encoding="UTF-8"?>
<testng-results ignored="0" total="1" passed="1" failed="0" skipped="0">
  <reporter-output>
  </reporter-output>
  <suite started-at="2023-02-09T12:06:26 IST" name="Default suite" finished-at="2023-02-09T12:06:30 IST" duration-ms="4038">
    <groups>
    </groups>
    <test started-at="2023-02-09T12:06:26 IST" name="Default test" finished-at="2023-02-09T12:06:30 IST" duration-ms="4038">
      <class name="com.LibraryAPI.Jsonwithexternalinputs">
        <test-method signature="addBook()[pri:0, instance:com.LibraryAPI.Jsonwithexternalinputs@59d016c9]" started-at="2023-02-09T12:06:26 IST" name="addBook" finished-at="2023-02-09T12:06:30 IST" duration-ms="3962" status="PASS">
          <reporter-output>
          </reporter-output>
        </test-method> <!-- addBook -->
      </class> <!-- com.LibraryAPI.Jsonwithexternalinputs -->
    </test> <!-- Default test -->
  </suite> <!-- Default suite -->
</testng-results>
